At $\wil e_{0123}$ in $\wil U_{0123}$, the kernel of $\wil J_{0123}$ is generated by the following vectors
$$\begin{tabular}{c|c|c|c|c|c|c}
vector & $\partial_{0124}$ & $\partial_{0126}$ & $\partial_{0135}$ & $\partial_{0137}$ & $\partial_{0234}$ & $\partial_{0236}$\\\hline
weight & $\lambda^{92}$ & $\lambda^{-108}$ & $\lambda^{-92}$ & $\lambda^{108}$ & $\lambda^{112}$ & $\lambda^{-88}$
\end{tabular}$$
$$\begin{tabular}{c|c|c|c|c|c|c}
vector & $\partial_{1235}$ & $\partial_{1237}$ & $\partial_{0125} - \partial_{1236}$ & $\partial_{0127} + \partial_{1234}$ & $\partial_{0134} - \partial_{0237}$ & $\partial_{0136} + \partial_{0235}$\\\hline
weight & $\lambda^{-112}$ & $\lambda^{88}$ & $\lambda^{-110}$ & $\lambda^{90}$ & $\lambda^{110}$ & $\lambda^{-90}$
\end{tabular}$$
and the number of negative weights is 6.

At $\wil e_{0124}$ in $\wil U_{0124}$, the kernel of $\wil J_{0124}$ is generated by the following vectors
$$\begin{tabular}{c|c|c|c|c|c|c}
vector & $\partial_{0123}$ & $\partial_{0126}$ & $\partial_{0145}$ & $\partial_{0147}$ & $\partial_{0234}$ & $\partial_{0246}$\\\hline
weight & $\lambda^{-92}$ & $\lambda^{-200}$ & $\lambda^{-92}$ & $\lambda^{108}$ & $\lambda^{20}$ & $\lambda^{-88}$
\end{tabular}$$
$$\begin{tabular}{c|c|c|c|c|c|c}
vector & $\partial_{0247}$ & $\partial_{1245}$ & $\partial_{1246}$ & $\partial_{1247}$ & $\partial_{0127} + \partial_{1234}$ & $\partial_{0146} + \partial_{0245}$\\\hline
weight & $\lambda^{110}$ & $\lambda^{-112}$ & $\lambda^{-110}$ & $\lambda^{88}$ & $\lambda^{-2}$ & $\lambda^{-90}$
\end{tabular}$$
and the number of negative weights is 8.

At $\wil e_{0126}$ in $\wil U_{0126}$, the kernel of $\wil J_{0126}$ is generated by the following vectors
$$\begin{tabular}{c|c|c|c|c|c|c}
vector & $\partial_{0123}$ & $\partial_{0124}$ & $\partial_{0156}$ & $\partial_{0167}$ & $\partial_{0236}$ & $\partial_{0246}$\\\hline
weight & $\lambda^{108}$ & $\lambda^{200}$ & $\lambda^{-92}$ & $\lambda^{108}$ & $\lambda^{20}$ & $\lambda^{112}$
\end{tabular}$$
$$\begin{tabular}{c|c|c|c|c|c|c}
vector & $\partial_{0256}$ & $\partial_{1246}$ & $\partial_{1256}$ & $\partial_{1267}$ & $\partial_{0125} - \partial_{1236}$ & $\partial_{0146} + \partial_{0267}$\\\hline
weight & $\lambda^{-90}$ & $\lambda^{90}$ & $\lambda^{-112}$ & $\lambda^{88}$ & $\lambda^{-2}$ & $\lambda^{110}$
\end{tabular}$$
and the number of negative weights is 4.

At $\wil e_{0135}$ in $\wil U_{0135}$, the kernel of $\wil J_{0135}$ is generated by the following vectors
$$\begin{tabular}{c|c|c|c|c|c|c}
vector & $\partial_{0123}$ & $\partial_{0137}$ & $\partial_{0145}$ & $\partial_{0156}$ & $\partial_{0345}$ & $\partial_{0356}$\\\hline
weight & $\lambda^{92}$ & $\lambda^{200}$ & $\lambda^{92}$ & $\lambda^{-108}$ & $\lambda^{112}$ & $\lambda^{-88}$
\end{tabular}$$
$$\begin{tabular}{c|c|c|c|c|c|c}
vector & $\partial_{0357}$ & $\partial_{1235}$ & $\partial_{1356}$ & $\partial_{1357}$ & $\partial_{0136} + \partial_{0235}$ & $\partial_{0157} + \partial_{1345}$\\\hline
weight & $\lambda^{110}$ & $\lambda^{-20}$ & $\lambda^{-110}$ & $\lambda^{88}$ & $\lambda^{2}$ & $\lambda^{90}$
\end{tabular}$$
and the number of negative weights is 4.

At $\wil e_{0137}$ in $\wil U_{0137}$, the kernel of $\wil J_{0137}$ is generated by the following vectors
$$\begin{tabular}{c|c|c|c|c|c|c}
vector & $\partial_{0123}$ & $\partial_{0135}$ & $\partial_{0147}$ & $\partial_{0167}$ & $\partial_{0347}$ & $\partial_{0357}$\\\hline
weight & $\lambda^{-108}$ & $\lambda^{-200}$ & $\lambda^{92}$ & $\lambda^{-108}$ & $\lambda^{112}$ & $\lambda^{-90}$
\end{tabular}$$
$$\begin{tabular}{c|c|c|c|c|c|c}
vector & $\partial_{0367}$ & $\partial_{1237}$ & $\partial_{1347}$ & $\partial_{1357}$ & $\partial_{0134} - \partial_{0237}$ & $\partial_{0157} + \partial_{1367}$\\\hline
weight & $\lambda^{-88}$ & $\lambda^{-20}$ & $\lambda^{90}$ & $\lambda^{-112}$ & $\lambda^{2}$ & $\lambda^{-110}$
\end{tabular}$$
and the number of negative weights is 8.

At $\wil e_{0145}$ in $\wil U_{0145}$, the kernel of $\wil J_{0145}$ is generated by the following vectors
$$\begin{tabular}{c|c|c|c|c|c|c}
vector & $\partial_{0124}$ & $\partial_{0135}$ & $\partial_{0147}$ & $\partial_{0156}$ & $\partial_{0345}$ & $\partial_{0456}$\\\hline
weight & $\lambda^{92}$ & $\lambda^{-92}$ & $\lambda^{200}$ & $\lambda^{-200}$ & $\lambda^{20}$ & $\lambda^{-88}$
\end{tabular}$$
$$\begin{tabular}{c|c|c|c|c|c|c}
vector & $\partial_{1245}$ & $\partial_{1457}$ & $\partial_{0125} + \partial_{1456}$ & $\partial_{0134} + \partial_{0457}$ & $\partial_{0146} + \partial_{0245}$ & $\partial_{0157} + \partial_{1345}$\\\hline
weight & $\lambda^{-20}$ & $\lambda^{88}$ & $\lambda^{-110}$ & $\lambda^{110}$ & $\lambda^{2}$ & $\lambda^{-2}$
\end{tabular}$$
and the number of negative weights is 6.

At $\wil e_{0147}$ in $\wil U_{0147}$, the kernel of $\wil J_{0147}$ is generated by the following vectors
$$\begin{tabular}{c|c|c|c|c|c|c}
vector & $\partial_{0124}$ & $\partial_{0137}$ & $\partial_{0145}$ & $\partial_{0167}$ & $\partial_{0247}$ & $\partial_{0347}$\\\hline
weight & $\lambda^{-108}$ & $\lambda^{-92}$ & $\lambda^{-200}$ & $\lambda^{-200}$ & $\lambda^{2}$ & $\lambda^{20}$
\end{tabular}$$
$$\begin{tabular}{c|c|c|c|c|c|c}
vector & $\partial_{0467}$ & $\partial_{1247}$ & $\partial_{1347}$ & $\partial_{1457}$ & $\partial_{0127} - \partial_{1467}$ & $\partial_{0134} + \partial_{0457}$\\\hline
weight & $\lambda^{-88}$ & $\lambda^{-20}$ & $\lambda^{-2}$ & $\lambda^{-112}$ & $\lambda^{-110}$ & $\lambda^{-90}$
\end{tabular}$$
and the number of negative weights is 10.

At $\wil e_{0156}$ in $\wil U_{0156}$, the kernel of $\wil J_{0156}$ is generated by the following vectors
$$\begin{tabular}{c|c|c|c|c|c|c}
vector & $\partial_{0126}$ & $\partial_{0135}$ & $\partial_{0145}$ & $\partial_{0167}$ & $\partial_{0256}$ & $\partial_{0356}$\\\hline
weight & $\lambda^{92}$ & $\lambda^{108}$ & $\lambda^{200}$ & $\lambda^{200}$ & $\lambda^{2}$ & $\lambda^{20}$
\end{tabular}$$
$$\begin{tabular}{c|c|c|c|c|c|c}
vector & $\partial_{0456}$ & $\partial_{1256}$ & $\partial_{1356}$ & $\partial_{1567}$ & $\partial_{0125} + \partial_{1456}$ & $\partial_{0136} - \partial_{0567}$\\\hline
weight & $\lambda^{112}$ & $\lambda^{-20}$ & $\lambda^{-2}$ & $\lambda^{88}$ & $\lambda^{90}$ & $\lambda^{110}$
\end{tabular}$$
and the number of negative weights is 2.

At $\wil e_{0167}$ in $\wil U_{0167}$, the kernel of $\wil J_{0167}$ is generated by the following vectors
$$\begin{tabular}{c|c|c|c|c|c|c}
vector & $\partial_{0126}$ & $\partial_{0137}$ & $\partial_{0147}$ & $\partial_{0156}$ & $\partial_{0367}$ & $\partial_{0467}$\\\hline
weight & $\lambda^{-108}$ & $\lambda^{108}$ & $\lambda^{200}$ & $\lambda^{-200}$ & $\lambda^{20}$ & $\lambda^{112}$
\end{tabular}$$
$$\begin{tabular}{c|c|c|c|c|c|c}
vector & $\partial_{1267}$ & $\partial_{1567}$ & $\partial_{0127} - \partial_{1467}$ & $\partial_{0136} - \partial_{0567}$ & $\partial_{0146} + \partial_{0267}$ & $\partial_{0157} + \partial_{1367}$\\\hline
weight & $\lambda^{-20}$ & $\lambda^{-112}$ & $\lambda^{90}$ & $\lambda^{-90}$ & $\lambda^{2}$ & $\lambda^{-2}$
\end{tabular}$$
and the number of negative weights is 6.

At $\wil e_{0234}$ in $\wil U_{0234}$, the kernel of $\wil J_{0234}$ is generated by the following vectors
$$\begin{tabular}{c|c|c|c|c|c|c}
vector & $\partial_{0123}$ & $\partial_{0124}$ & $\partial_{0236}$ & $\partial_{0246}$ & $\partial_{0247}$ & $\partial_{0345}$\\\hline
weight & $\lambda^{-112}$ & $\lambda^{-20}$ & $\lambda^{-200}$ & $\lambda^{-108}$ & $\lambda^{90}$ & $\lambda^{-92}$
\end{tabular}$$
$$\begin{tabular}{c|c|c|c|c|c|c}
vector & $\partial_{0346}$ & $\partial_{0347}$ & $\partial_{2345}$ & $\partial_{2347}$ & $\partial_{0134} - \partial_{0237}$ & $\partial_{0245} + \partial_{2346}$\\\hline
weight & $\lambda^{-90}$ & $\lambda^{108}$ & $\lambda^{-112}$ & $\lambda^{88}$ & $\lambda^{-2}$ & $\lambda^{-110}$
\end{tabular}$$
and the number of negative weights is 9.

At $\wil e_{0236}$ in $\wil U_{0236}$, the kernel of $\wil J_{0236}$ is generated by the following vectors
$$\begin{tabular}{c|c|c|c|c|c|c}
vector & $\partial_{0123}$ & $\partial_{0126}$ & $\partial_{0234}$ & $\partial_{0246}$ & $\partial_{0256}$ & $\partial_{0346}$\\\hline
weight & $\lambda^{88}$ & $\lambda^{-20}$ & $\lambda^{200}$ & $\lambda^{92}$ & $\lambda^{-110}$ & $\lambda^{110}$
\end{tabular}$$
$$\begin{tabular}{c|c|c|c|c|c|c}
vector & $\partial_{0356}$ & $\partial_{0367}$ & $\partial_{2356}$ & $\partial_{2367}$ & $\partial_{0136} + \partial_{0235}$ & $\partial_{0267} + \partial_{2346}$\\\hline
weight & $\lambda^{-92}$ & $\lambda^{108}$ & $\lambda^{-112}$ & $\lambda^{88}$ & $\lambda^{-2}$ & $\lambda^{90}$
\end{tabular}$$
and the number of negative weights is 5.

At $\wil e_{0247}$ in $\wil U_{0247}$, the kernel of $\wil J_{0247}$ is generated by the following vectors
$$\begin{tabular}{c|c|c|c|c|c|c}
vector & $\partial_{0124}$ & $\partial_{0147}$ & $\partial_{0234}$ & $\partial_{0246}$ & $\partial_{0347}$ & $\partial_{0467}$\\\hline
weight & $\lambda^{-110}$ & $\lambda^{-2}$ & $\lambda^{-90}$ & $\lambda^{-198}$ & $\lambda^{18}$ & $\lambda^{-90}$
\end{tabular}$$
$$\begin{tabular}{c|c|c|c|c|c|c}
vector & $\partial_{1247}$ & $\partial_{2347}$ & $\partial_{2467}$ & $\partial_{0127} + \partial_{2457}$ & $\partial_{0237} + \partial_{0457}$ & $\partial_{0245} - \partial_{0267}$\\\hline
weight & $\lambda^{-22}$ & $\lambda^{-2}$ & $\lambda^{-110}$ & $\lambda^{-112}$ & $\lambda^{-92}$ & $\lambda^{-200}$
\end{tabular}$$
and the number of negative weights is 11.

At $\wil e_{0256}$ in $\wil U_{0256}$, the kernel of $\wil J_{0256}$ is generated by the following vectors
$$\begin{tabular}{c|c|c|c|c|c|c}
vector & $\partial_{0126}$ & $\partial_{0156}$ & $\partial_{0236}$ & $\partial_{0246}$ & $\partial_{0356}$ & $\partial_{0456}$\\\hline
weight & $\lambda^{90}$ & $\lambda^{-2}$ & $\lambda^{110}$ & $\lambda^{202}$ & $\lambda^{18}$ & $\lambda^{110}$
\end{tabular}$$
$$\begin{tabular}{c|c|c|c|c|c|c}
vector & $\partial_{1256}$ & $\partial_{2356}$ & $\partial_{2456}$ & $\partial_{0125} + \partial_{2567}$ & $\partial_{0235} + \partial_{0567}$ & $\partial_{0245} - \partial_{0267}$\\\hline
weight & $\lambda^{-22}$ & $\lambda^{-2}$ & $\lambda^{90}$ & $\lambda^{88}$ & $\lambda^{108}$ & $\lambda^{200}$
\end{tabular}$$
and the number of negative weights is 3.

At $\wil e_{0345}$ in $\wil U_{0345}$, the kernel of $\wil J_{0345}$ is generated by the following vectors
$$\begin{tabular}{c|c|c|c|c|c|c}
vector & $\partial_{0135}$ & $\partial_{0145}$ & $\partial_{0234}$ & $\partial_{0346}$ & $\partial_{0347}$ & $\partial_{0356}$\\\hline
weight & $\lambda^{-112}$ & $\lambda^{-20}$ & $\lambda^{92}$ & $\lambda^{2}$ & $\lambda^{200}$ & $\lambda^{-200}$
\end{tabular}$$
$$\begin{tabular}{c|c|c|c|c|c|c}
vector & $\partial_{0357}$ & $\partial_{0456}$ & $\partial_{2345}$ & $\partial_{3457}$ & $\partial_{0134} + \partial_{0457}$ & $\partial_{0235} - \partial_{3456}$\\\hline
weight & $\lambda^{-2}$ & $\lambda^{-108}$ & $\lambda^{-20}$ & $\lambda^{88}$ & $\lambda^{90}$ & $\lambda^{-110}$
\end{tabular}$$
and the number of negative weights is 7.

At $\wil e_{0346}$ in $\wil U_{0346}$, the kernel of $\wil J_{0346}$ is generated by the following vectors
$$\begin{tabular}{c|c|c|c|c|c|c}
vector & $\partial_{0234}$ & $\partial_{0236}$ & $\partial_{0246}$ & $\partial_{0345}$ & $\partial_{0347}$ & $\partial_{0356}$\\\hline
weight & $\lambda^{90}$ & $\lambda^{-110}$ & $\lambda^{-18}$ & $\lambda^{-2}$ & $\lambda^{198}$ & $\lambda^{-202}$
\end{tabular}$$
$$\begin{tabular}{c|c|c|c|c|c|c}
vector & $\partial_{0367}$ & $\partial_{0456}$ & $\partial_{0467}$ & $\partial_{0134} + \partial_{3467}$ & $\partial_{0136} + \partial_{3456}$ & $\partial_{0146} - \partial_{2346}$\\\hline
weight & $\lambda^{-2}$ & $\lambda^{-110}$ & $\lambda^{90}$ & $\lambda^{88}$ & $\lambda^{-112}$ & $\lambda^{-20}$
\end{tabular}$$
and the number of negative weights is 8.

At $\wil e_{0357}$ in $\wil U_{0357}$, the kernel of $\wil J_{0357}$ is generated by the following vectors
$$\begin{tabular}{c|c|c|c|c|c|c}
vector & $\partial_{0135}$ & $\partial_{0137}$ & $\partial_{0345}$ & $\partial_{0347}$ & $\partial_{0356}$ & $\partial_{0367}$\\\hline
weight & $\lambda^{-110}$ & $\lambda^{90}$ & $\lambda^{2}$ & $\lambda^{202}$ & $\lambda^{-198}$ & $\lambda^{2}$
\end{tabular}$$
$$\begin{tabular}{c|c|c|c|c|c|c}
vector & $\partial_{1357}$ & $\partial_{3457}$ & $\partial_{3567}$ & $\partial_{0157} - \partial_{2357}$ & $\partial_{0235} + \partial_{0567}$ & $\partial_{0237} + \partial_{0457}$\\\hline
weight & $\lambda^{-22}$ & $\lambda^{90}$ & $\lambda^{-110}$ & $\lambda^{-20}$ & $\lambda^{-108}$ & $\lambda^{92}$
\end{tabular}$$
and the number of negative weights is 6.

At $\wil e_{0367}$ in $\wil U_{0367}$, the kernel of $\wil J_{0367}$ is generated by the following vectors
$$\begin{tabular}{c|c|c|c|c|c|c}
vector & $\partial_{0137}$ & $\partial_{0167}$ & $\partial_{0236}$ & $\partial_{0346}$ & $\partial_{0347}$ & $\partial_{0356}$\\\hline
weight & $\lambda^{88}$ & $\lambda^{-20}$ & $\lambda^{-108}$ & $\lambda^{2}$ & $\lambda^{200}$ & $\lambda^{-200}$
\end{tabular}$$
$$\begin{tabular}{c|c|c|c|c|c|c}
vector & $\partial_{0357}$ & $\partial_{0467}$ & $\partial_{2367}$ & $\partial_{3567}$ & $\partial_{0136} - \partial_{0567}$ & $\partial_{0237} + \partial_{3467}$\\\hline
weight & $\lambda^{-2}$ & $\lambda^{92}$ & $\lambda^{-20}$ & $\lambda^{-112}$ & $\lambda^{-110}$ & $\lambda^{90}$
\end{tabular}$$
and the number of negative weights is 7.

At $\wil e_{0456}$ in $\wil U_{0456}$, the kernel of $\wil J_{0456}$ is generated by the following vectors
$$\begin{tabular}{c|c|c|c|c|c|c}
vector & $\partial_{0145}$ & $\partial_{0156}$ & $\partial_{0246}$ & $\partial_{0256}$ & $\partial_{0345}$ & $\partial_{0346}$\\\hline
weight & $\lambda^{88}$ & $\lambda^{-112}$ & $\lambda^{92}$ & $\lambda^{-110}$ & $\lambda^{108}$ & $\lambda^{110}$
\end{tabular}$$
$$\begin{tabular}{c|c|c|c|c|c|c}
vector & $\partial_{0356}$ & $\partial_{0467}$ & $\partial_{2456}$ & $\partial_{4567}$ & $\partial_{0146} + \partial_{0245}$ & $\partial_{0567} + \partial_{3456}$\\\hline
weight & $\lambda^{-92}$ & $\lambda^{200}$ & $\lambda^{-20}$ & $\lambda^{88}$ & $\lambda^{90}$ & $\lambda^{-2}$
\end{tabular}$$
and the number of negative weights is 5.

At $\wil e_{0467}$ in $\wil U_{0467}$, the kernel of $\wil J_{0467}$ is generated by the following vectors
$$\begin{tabular}{c|c|c|c|c|c|c}
vector & $\partial_{0147}$ & $\partial_{0167}$ & $\partial_{0246}$ & $\partial_{0247}$ & $\partial_{0346}$ & $\partial_{0347}$\\\hline
weight & $\lambda^{88}$ & $\lambda^{-112}$ & $\lambda^{-108}$ & $\lambda^{90}$ & $\lambda^{-90}$ & $\lambda^{108}$
\end{tabular}$$
$$\begin{tabular}{c|c|c|c|c|c|c}
vector & $\partial_{0367}$ & $\partial_{0456}$ & $\partial_{2467}$ & $\partial_{4567}$ & $\partial_{0146} + \partial_{0267}$ & $\partial_{0457} - \partial_{3467}$\\\hline
weight & $\lambda^{-92}$ & $\lambda^{-200}$ & $\lambda^{-20}$ & $\lambda^{-112}$ & $\lambda^{-110}$ & $\lambda^{-2}$
\end{tabular}$$
and the number of negative weights is 9.

At $\wil e_{1235}$ in $\wil U_{1235}$, the kernel of $\wil J_{1235}$ is generated by the following vectors
$$\begin{tabular}{c|c|c|c|c|c|c}
vector & $\partial_{0123}$ & $\partial_{0135}$ & $\partial_{1237}$ & $\partial_{1245}$ & $\partial_{1256}$ & $\partial_{1257}$\\\hline
weight & $\lambda^{112}$ & $\lambda^{20}$ & $\lambda^{200}$ & $\lambda^{92}$ & $\lambda^{-108}$ & $\lambda^{90}$
\end{tabular}$$
$$\begin{tabular}{c|c|c|c|c|c|c}
vector & $\partial_{1356}$ & $\partial_{1357}$ & $\partial_{2345}$ & $\partial_{2356}$ & $\partial_{0125} - \partial_{1236}$ & $\partial_{1345} + \partial_{2357}$\\\hline
weight & $\lambda^{-90}$ & $\lambda^{108}$ & $\lambda^{112}$ & $\lambda^{-88}$ & $\lambda^{2}$ & $\lambda^{110}$
\end{tabular}$$
and the number of negative weights is 3.

At $\wil e_{1237}$ in $\wil U_{1237}$, the kernel of $\wil J_{1237}$ is generated by the following vectors
$$\begin{tabular}{c|c|c|c|c|c|c}
vector & $\partial_{0123}$ & $\partial_{0137}$ & $\partial_{1235}$ & $\partial_{1247}$ & $\partial_{1257}$ & $\partial_{1267}$\\\hline
weight & $\lambda^{-88}$ & $\lambda^{20}$ & $\lambda^{-200}$ & $\lambda^{92}$ & $\lambda^{-110}$ & $\lambda^{-108}$
\end{tabular}$$
$$\begin{tabular}{c|c|c|c|c|c|c}
vector & $\partial_{1347}$ & $\partial_{1357}$ & $\partial_{2347}$ & $\partial_{2367}$ & $\partial_{0127} + \partial_{1234}$ & $\partial_{1367} + \partial_{2357}$\\\hline
weight & $\lambda^{110}$ & $\lambda^{-92}$ & $\lambda^{112}$ & $\lambda^{-88}$ & $\lambda^{2}$ & $\lambda^{-90}$
\end{tabular}$$
and the number of negative weights is 7.

At $\wil e_{1245}$ in $\wil U_{1245}$, the kernel of $\wil J_{1245}$ is generated by the following vectors
$$\begin{tabular}{c|c|c|c|c|c|c}
vector & $\partial_{0124}$ & $\partial_{0145}$ & $\partial_{1235}$ & $\partial_{1246}$ & $\partial_{1247}$ & $\partial_{1256}$\\\hline
weight & $\lambda^{112}$ & $\lambda^{20}$ & $\lambda^{-92}$ & $\lambda^{2}$ & $\lambda^{200}$ & $\lambda^{-200}$
\end{tabular}$$
$$\begin{tabular}{c|c|c|c|c|c|c}
vector & $\partial_{1257}$ & $\partial_{1457}$ & $\partial_{2345}$ & $\partial_{2456}$ & $\partial_{0125} + \partial_{1456}$ & $\partial_{1234} - \partial_{2457}$\\\hline
weight & $\lambda^{-2}$ & $\lambda^{108}$ & $\lambda^{20}$ & $\lambda^{-88}$ & $\lambda^{-90}$ & $\lambda^{110}$
\end{tabular}$$
and the number of negative weights is 5.

At $\wil e_{1246}$ in $\wil U_{1246}$, the kernel of $\wil J_{1246}$ is generated by the following vectors
$$\begin{tabular}{c|c|c|c|c|c|c}
vector & $\partial_{0124}$ & $\partial_{0126}$ & $\partial_{0246}$ & $\partial_{1245}$ & $\partial_{1247}$ & $\partial_{1256}$\\\hline
weight & $\lambda^{110}$ & $\lambda^{-90}$ & $\lambda^{22}$ & $\lambda^{-2}$ & $\lambda^{198}$ & $\lambda^{-202}$
\end{tabular}$$
$$\begin{tabular}{c|c|c|c|c|c|c}
vector & $\partial_{1267}$ & $\partial_{2456}$ & $\partial_{2467}$ & $\partial_{0146} - \partial_{2346}$ & $\partial_{1234} + \partial_{1467}$ & $\partial_{1236} + \partial_{1456}$\\\hline
weight & $\lambda^{-2}$ & $\lambda^{-90}$ & $\lambda^{110}$ & $\lambda^{20}$ & $\lambda^{108}$ & $\lambda^{-92}$
\end{tabular}$$
and the number of negative weights is 6.

At $\wil e_{1257}$ in $\wil U_{1257}$, the kernel of $\wil J_{1257}$ is generated by the following vectors
$$\begin{tabular}{c|c|c|c|c|c|c}
vector & $\partial_{1235}$ & $\partial_{1237}$ & $\partial_{1245}$ & $\partial_{1247}$ & $\partial_{1256}$ & $\partial_{1267}$\\\hline
weight & $\lambda^{-90}$ & $\lambda^{110}$ & $\lambda^{2}$ & $\lambda^{202}$ & $\lambda^{-198}$ & $\lambda^{2}$
\end{tabular}$$
$$\begin{tabular}{c|c|c|c|c|c|c}
vector & $\partial_{1357}$ & $\partial_{1457}$ & $\partial_{1567}$ & $\partial_{0125} + \partial_{2567}$ & $\partial_{0127} + \partial_{2457}$ & $\partial_{0157} - \partial_{2357}$\\\hline
weight & $\lambda^{18}$ & $\lambda^{110}$ & $\lambda^{-90}$ & $\lambda^{-88}$ & $\lambda^{112}$ & $\lambda^{20}$
\end{tabular}$$
and the number of negative weights is 4.

At $\wil e_{1267}$ in $\wil U_{1267}$, the kernel of $\wil J_{1267}$ is generated by the following vectors
$$\begin{tabular}{c|c|c|c|c|c|c}
vector & $\partial_{0126}$ & $\partial_{0167}$ & $\partial_{1237}$ & $\partial_{1246}$ & $\partial_{1247}$ & $\partial_{1256}$\\\hline
weight & $\lambda^{-88}$ & $\lambda^{20}$ & $\lambda^{108}$ & $\lambda^{2}$ & $\lambda^{200}$ & $\lambda^{-200}$
\end{tabular}$$
$$\begin{tabular}{c|c|c|c|c|c|c}
vector & $\partial_{1257}$ & $\partial_{1567}$ & $\partial_{2367}$ & $\partial_{2467}$ & $\partial_{0127} - \partial_{1467}$ & $\partial_{1236} + \partial_{2567}$\\\hline
weight & $\lambda^{-2}$ & $\lambda^{-92}$ & $\lambda^{20}$ & $\lambda^{112}$ & $\lambda^{110}$ & $\lambda^{-90}$
\end{tabular}$$
and the number of negative weights is 5.

At $\wil e_{1347}$ in $\wil U_{1347}$, the kernel of $\wil J_{1347}$ is generated by the following vectors
$$\begin{tabular}{c|c|c|c|c|c|c}
vector & $\partial_{0137}$ & $\partial_{0147}$ & $\partial_{0347}$ & $\partial_{1237}$ & $\partial_{1247}$ & $\partial_{1357}$\\\hline
weight & $\lambda^{-90}$ & $\lambda^{2}$ & $\lambda^{22}$ & $\lambda^{-110}$ & $\lambda^{-18}$ & $\lambda^{-202}$
\end{tabular}$$
$$\begin{tabular}{c|c|c|c|c|c|c}
vector & $\partial_{1457}$ & $\partial_{2347}$ & $\partial_{3457}$ & $\partial_{0134} + \partial_{3467}$ & $\partial_{1234} + \partial_{1467}$ & $\partial_{1345} - \partial_{1367}$\\\hline
weight & $\lambda^{-110}$ & $\lambda^{2}$ & $\lambda^{-90}$ & $\lambda^{-88}$ & $\lambda^{-108}$ & $\lambda^{-200}$
\end{tabular}$$
and the number of negative weights is 9.

At $\wil e_{1356}$ in $\wil U_{1356}$, the kernel of $\wil J_{1356}$ is generated by the following vectors
$$\begin{tabular}{c|c|c|c|c|c|c}
vector & $\partial_{0135}$ & $\partial_{0156}$ & $\partial_{0356}$ & $\partial_{1235}$ & $\partial_{1256}$ & $\partial_{1357}$\\\hline
weight & $\lambda^{110}$ & $\lambda^{2}$ & $\lambda^{22}$ & $\lambda^{90}$ & $\lambda^{-18}$ & $\lambda^{198}$
\end{tabular}$$
$$\begin{tabular}{c|c|c|c|c|c|c}
vector & $\partial_{1567}$ & $\partial_{2356}$ & $\partial_{3567}$ & $\partial_{0136} + \partial_{3456}$ & $\partial_{1236} + \partial_{1456}$ & $\partial_{1345} - \partial_{1367}$\\\hline
weight & $\lambda^{90}$ & $\lambda^{2}$ & $\lambda^{110}$ & $\lambda^{112}$ & $\lambda^{92}$ & $\lambda^{200}$
\end{tabular}$$
and the number of negative weights is 1.

At $\wil e_{1457}$ in $\wil U_{1457}$, the kernel of $\wil J_{1457}$ is generated by the following vectors
$$\begin{tabular}{c|c|c|c|c|c|c}
vector & $\partial_{0145}$ & $\partial_{0147}$ & $\partial_{1245}$ & $\partial_{1247}$ & $\partial_{1257}$ & $\partial_{1347}$\\\hline
weight & $\lambda^{-88}$ & $\lambda^{112}$ & $\lambda^{-108}$ & $\lambda^{92}$ & $\lambda^{-110}$ & $\lambda^{110}$
\end{tabular}$$
$$\begin{tabular}{c|c|c|c|c|c|c}
vector & $\partial_{1357}$ & $\partial_{1567}$ & $\partial_{3457}$ & $\partial_{4567}$ & $\partial_{0157} + \partial_{1345}$ & $\partial_{1467} + \partial_{2457}$\\\hline
weight & $\lambda^{-92}$ & $\lambda^{-200}$ & $\lambda^{20}$ & $\lambda^{-88}$ & $\lambda^{-90}$ & $\lambda^{2}$
\end{tabular}$$
and the number of negative weights is 7.

At $\wil e_{1567}$ in $\wil U_{1567}$, the kernel of $\wil J_{1567}$ is generated by the following vectors
$$\begin{tabular}{c|c|c|c|c|c|c}
vector & $\partial_{0156}$ & $\partial_{0167}$ & $\partial_{1256}$ & $\partial_{1257}$ & $\partial_{1267}$ & $\partial_{1356}$\\\hline
weight & $\lambda^{-88}$ & $\lambda^{112}$ & $\lambda^{-108}$ & $\lambda^{90}$ & $\lambda^{92}$ & $\lambda^{-90}$
\end{tabular}$$
$$\begin{tabular}{c|c|c|c|c|c|c}
vector & $\partial_{1357}$ & $\partial_{1457}$ & $\partial_{3567}$ & $\partial_{4567}$ & $\partial_{0157} + \partial_{1367}$ & $\partial_{1456} - \partial_{2567}$\\\hline
weight & $\lambda^{108}$ & $\lambda^{200}$ & $\lambda^{20}$ & $\lambda^{112}$ & $\lambda^{110}$ & $\lambda^{2}$
\end{tabular}$$
and the number of negative weights is 3.

At $\wil e_{2345}$ in $\wil U_{2345}$, the kernel of $\wil J_{2345}$ is generated by the following vectors
$$\begin{tabular}{c|c|c|c|c|c|c}
vector & $\partial_{0234}$ & $\partial_{0345}$ & $\partial_{1235}$ & $\partial_{1245}$ & $\partial_{2347}$ & $\partial_{2356}$\\\hline
weight & $\lambda^{112}$ & $\lambda^{20}$ & $\lambda^{-112}$ & $\lambda^{-20}$ & $\lambda^{200}$ & $\lambda^{-200}$
\end{tabular}$$
$$\begin{tabular}{c|c|c|c|c|c|c}
vector & $\partial_{2456}$ & $\partial_{3457}$ & $\partial_{0235} - \partial_{3456}$ & $\partial_{0245} + \partial_{2346}$ & $\partial_{1234} - \partial_{2457}$ & $\partial_{1345} + \partial_{2357}$\\\hline
weight & $\lambda^{-108}$ & $\lambda^{108}$ & $\lambda^{-90}$ & $\lambda^{2}$ & $\lambda^{90}$ & $\lambda^{-2}$
\end{tabular}$$
and the number of negative weights is 6.

At $\wil e_{2347}$ in $\wil U_{2347}$, the kernel of $\wil J_{2347}$ is generated by the following vectors
$$\begin{tabular}{c|c|c|c|c|c|c}
vector & $\partial_{0234}$ & $\partial_{0247}$ & $\partial_{0347}$ & $\partial_{1237}$ & $\partial_{1247}$ & $\partial_{1347}$\\\hline
weight & $\lambda^{-88}$ & $\lambda^{2}$ & $\lambda^{20}$ & $\lambda^{-112}$ & $\lambda^{-20}$ & $\lambda^{-2}$
\end{tabular}$$
$$\begin{tabular}{c|c|c|c|c|c|c}
vector & $\partial_{2345}$ & $\partial_{2367}$ & $\partial_{2467}$ & $\partial_{3457}$ & $\partial_{0237} + \partial_{3467}$ & $\partial_{1234} - \partial_{2457}$\\\hline
weight & $\lambda^{-200}$ & $\lambda^{-200}$ & $\lambda^{-108}$ & $\lambda^{-92}$ & $\lambda^{-90}$ & $\lambda^{-110}$
\end{tabular}$$
and the number of negative weights is 10.

At $\wil e_{2356}$ in $\wil U_{2356}$, the kernel of $\wil J_{2356}$ is generated by the following vectors
$$\begin{tabular}{c|c|c|c|c|c|c}
vector & $\partial_{0236}$ & $\partial_{0256}$ & $\partial_{0356}$ & $\partial_{1235}$ & $\partial_{1256}$ & $\partial_{1356}$\\\hline
weight & $\lambda^{112}$ & $\lambda^{2}$ & $\lambda^{20}$ & $\lambda^{88}$ & $\lambda^{-20}$ & $\lambda^{-2}$
\end{tabular}$$
$$\begin{tabular}{c|c|c|c|c|c|c}
vector & $\partial_{2345}$ & $\partial_{2367}$ & $\partial_{2456}$ & $\partial_{3567}$ & $\partial_{0235} - \partial_{3456}$ & $\partial_{1236} + \partial_{2567}$\\\hline
weight & $\lambda^{200}$ & $\lambda^{200}$ & $\lambda^{92}$ & $\lambda^{108}$ & $\lambda^{110}$ & $\lambda^{90}$
\end{tabular}$$
and the number of negative weights is 2.

At $\wil e_{2367}$ in $\wil U_{2367}$, the kernel of $\wil J_{2367}$ is generated by the following vectors
$$\begin{tabular}{c|c|c|c|c|c|c}
vector & $\partial_{0236}$ & $\partial_{0367}$ & $\partial_{1237}$ & $\partial_{1267}$ & $\partial_{2347}$ & $\partial_{2356}$\\\hline
weight & $\lambda^{-88}$ & $\lambda^{20}$ & $\lambda^{88}$ & $\lambda^{-20}$ & $\lambda^{200}$ & $\lambda^{-200}$
\end{tabular}$$
$$\begin{tabular}{c|c|c|c|c|c|c}
vector & $\partial_{2467}$ & $\partial_{3567}$ & $\partial_{0237} + \partial_{3467}$ & $\partial_{0267} + \partial_{2346}$ & $\partial_{1236} + \partial_{2567}$ & $\partial_{1367} + \partial_{2357}$\\\hline
weight & $\lambda^{92}$ & $\lambda^{-92}$ & $\lambda^{110}$ & $\lambda^{2}$ & $\lambda^{-110}$ & $\lambda^{-2}$
\end{tabular}$$
and the number of negative weights is 6.

At $\wil e_{2456}$ in $\wil U_{2456}$, the kernel of $\wil J_{2456}$ is generated by the following vectors
$$\begin{tabular}{c|c|c|c|c|c|c}
vector & $\partial_{0246}$ & $\partial_{0256}$ & $\partial_{0456}$ & $\partial_{1245}$ & $\partial_{1246}$ & $\partial_{1256}$\\\hline
weight & $\lambda^{112}$ & $\lambda^{-90}$ & $\lambda^{20}$ & $\lambda^{88}$ & $\lambda^{90}$ & $\lambda^{-112}$
\end{tabular}$$
$$\begin{tabular}{c|c|c|c|c|c|c}
vector & $\partial_{2345}$ & $\partial_{2356}$ & $\partial_{2467}$ & $\partial_{4567}$ & $\partial_{0245} + \partial_{2346}$ & $\partial_{1456} - \partial_{2567}$\\\hline
weight & $\lambda^{108}$ & $\lambda^{-92}$ & $\lambda^{200}$ & $\lambda^{108}$ & $\lambda^{110}$ & $\lambda^{-2}$
\end{tabular}$$
and the number of negative weights is 4.

At $\wil e_{2467}$ in $\wil U_{2467}$, the kernel of $\wil J_{2467}$ is generated by the following vectors
$$\begin{tabular}{c|c|c|c|c|c|c}
vector & $\partial_{0246}$ & $\partial_{0247}$ & $\partial_{0467}$ & $\partial_{1246}$ & $\partial_{1247}$ & $\partial_{1267}$\\\hline
weight & $\lambda^{-88}$ & $\lambda^{110}$ & $\lambda^{20}$ & $\lambda^{-110}$ & $\lambda^{88}$ & $\lambda^{-112}$
\end{tabular}$$
$$\begin{tabular}{c|c|c|c|c|c|c}
vector & $\partial_{2347}$ & $\partial_{2367}$ & $\partial_{2456}$ & $\partial_{4567}$ & $\partial_{0267} + \partial_{2346}$ & $\partial_{1467} + \partial_{2457}$\\\hline
weight & $\lambda^{108}$ & $\lambda^{-92}$ & $\lambda^{-200}$ & $\lambda^{-92}$ & $\lambda^{-90}$ & $\lambda^{-2}$
\end{tabular}$$
and the number of negative weights is 8.

At $\wil e_{3457}$ in $\wil U_{3457}$, the kernel of $\wil J_{3457}$ is generated by the following vectors
$$\begin{tabular}{c|c|c|c|c|c|c}
vector & $\partial_{0345}$ & $\partial_{0347}$ & $\partial_{0357}$ & $\partial_{1347}$ & $\partial_{1357}$ & $\partial_{1457}$\\\hline
weight & $\lambda^{-88}$ & $\lambda^{112}$ & $\lambda^{-90}$ & $\lambda^{90}$ & $\lambda^{-112}$ & $\lambda^{-20}$
\end{tabular}$$
$$\begin{tabular}{c|c|c|c|c|c|c}
vector & $\partial_{2345}$ & $\partial_{2347}$ & $\partial_{3567}$ & $\partial_{4567}$ & $\partial_{0457} - \partial_{3467}$ & $\partial_{1345} + \partial_{2357}$\\\hline
weight & $\lambda^{-108}$ & $\lambda^{92}$ & $\lambda^{-200}$ & $\lambda^{-108}$ & $\lambda^{2}$ & $\lambda^{-110}$
\end{tabular}$$
and the number of negative weights is 8.

At $\wil e_{3567}$ in $\wil U_{3567}$, the kernel of $\wil J_{3567}$ is generated by the following vectors
$$\begin{tabular}{c|c|c|c|c|c|c}
vector & $\partial_{0356}$ & $\partial_{0357}$ & $\partial_{0367}$ & $\partial_{1356}$ & $\partial_{1357}$ & $\partial_{1567}$\\\hline
weight & $\lambda^{-88}$ & $\lambda^{110}$ & $\lambda^{112}$ & $\lambda^{-110}$ & $\lambda^{88}$ & $\lambda^{-20}$
\end{tabular}$$
$$\begin{tabular}{c|c|c|c|c|c|c}
vector & $\partial_{2356}$ & $\partial_{2367}$ & $\partial_{3457}$ & $\partial_{4567}$ & $\partial_{0567} + \partial_{3456}$ & $\partial_{1367} + \partial_{2357}$\\\hline
weight & $\lambda^{-108}$ & $\lambda^{92}$ & $\lambda^{200}$ & $\lambda^{92}$ & $\lambda^{2}$ & $\lambda^{90}$
\end{tabular}$$
and the number of negative weights is 4.

At $\wil e_{4567}$ in $\wil U_{4567}$, the kernel of $\wil J_{4567}$ is generated by the following vectors
$$\begin{tabular}{c|c|c|c|c|c|c}
vector & $\partial_{0456}$ & $\partial_{0467}$ & $\partial_{1457}$ & $\partial_{1567}$ & $\partial_{2456}$ & $\partial_{2467}$\\\hline
weight & $\lambda^{-88}$ & $\lambda^{112}$ & $\lambda^{88}$ & $\lambda^{-112}$ & $\lambda^{-108}$ & $\lambda^{92}$
\end{tabular}$$
$$\begin{tabular}{c|c|c|c|c|c|c}
vector & $\partial_{3457}$ & $\partial_{3567}$ & $\partial_{0457} - \partial_{3467}$ & $\partial_{0567} + \partial_{3456}$ & $\partial_{1456} - \partial_{2567}$ & $\partial_{1467} + \partial_{2457}$\\\hline
weight & $\lambda^{108}$ & $\lambda^{-92}$ & $\lambda^{110}$ & $\lambda^{-90}$ & $\lambda^{-110}$ & $\lambda^{90}$
\end{tabular}$$
and the number of negative weights is 6.
