$$
X_{1}=\begin{pmatrix}
0 & 0 & 0 & 0 & 0 & 0 & -1i & -1i \\ 
0 & 0 & 0 & 0 & 0 & 0 & 1i & 1i \\ 
0 & 0 & 0 & 0 & 1i & -1i & 0 & 0 \\ 
0 & 0 & 0 & 0 & 1i & -1i & 0 & 0 \\ 
0 & 0 & 1i & 1i & 0 & 0 & 0 & 0 \\ 
0 & 0 & -1i & -1i & 0 & 0 & 0 & 0 \\ 
-1i & 1i & 0 & 0 & 0 & 0 & 0 & 0 \\ 
-1i & 1i & 0 & 0 & 0 & 0 & 0 & 0
\end{pmatrix}
$$


$$
X_{2}=\begin{pmatrix}
0 & 0 & 0 & 0 & 0 & 0 & 0 & 0 \\ 
0 & 0 & 0 & 0 & 0 & 0 & 0 & 0 \\ 
0 & 0 & 0 & 0 & 0 & -2i & 0 & 0 \\ 
0 & 0 & 0 & 0 & 2i & 0 & 0 & 0 \\ 
0 & 0 & 0 & 2i & 0 & 0 & 0 & 0 \\ 
0 & 0 & -2i & 0 & 0 & 0 & 0 & 0 \\ 
0 & 0 & 0 & 0 & 0 & 0 & 0 & 0 \\ 
0 & 0 & 0 & 0 & 0 & 0 & 0 & 0
\end{pmatrix}
$$


$$
X_{3}=\begin{pmatrix}
0 & 0 & 0 & 0 & 0 & 0 & 1 & -1 \\ 
0 & 0 & 0 & 0 & 0 & 0 & -1 & 1 \\ 
0 & 0 & 0 & 0 & 1 & 1 & 0 & 0 \\ 
0 & 0 & 0 & 0 & 1 & 1 & 0 & 0 \\ 
0 & 0 & -1 & -1 & 0 & 0 & 0 & 0 \\ 
0 & 0 & -1 & -1 & 0 & 0 & 0 & 0 \\ 
-1 & 1 & 0 & 0 & 0 & 0 & 0 & 0 \\ 
1 & -1 & 0 & 0 & 0 & 0 & 0 & 0
\end{pmatrix}
$$


$$
X_{4}=\begin{pmatrix}
0 & 0 & 0 & 0 & 0 & 0 & 1 & -1 \\ 
0 & 0 & 0 & 0 & 0 & 0 & -1 & 1 \\ 
0 & 0 & 0 & 0 & 1 & -1 & 0 & 0 \\ 
0 & 0 & 0 & 0 & -1 & 1 & 0 & 0 \\ 
0 & 0 & -1 & 1 & 0 & 0 & 0 & 0 \\ 
0 & 0 & 1 & -1 & 0 & 0 & 0 & 0 \\ 
-1 & 1 & 0 & 0 & 0 & 0 & 0 & 0 \\ 
1 & -1 & 0 & 0 & 0 & 0 & 0 & 0
\end{pmatrix}
$$


$$
X_{5}=\begin{pmatrix}
0 & 0 & 0 & 0 & -1i & -1i & 0 & 0 \\ 
0 & 0 & 0 & 0 & 1i & 1i & 0 & 0 \\ 
0 & 0 & 0 & 0 & 0 & 0 & -1i & -1i \\ 
0 & 0 & 0 & 0 & 0 & 0 & 1i & 1i \\ 
-1i & 1i & 0 & 0 & 0 & 0 & 0 & 0 \\ 
-1i & 1i & 0 & 0 & 0 & 0 & 0 & 0 \\ 
0 & 0 & -1i & 1i & 0 & 0 & 0 & 0 \\ 
0 & 0 & -1i & 1i & 0 & 0 & 0 & 0
\end{pmatrix}
$$


$$
X_{6}=\begin{pmatrix}
0 & 0 & 0 & 0 & 0 & 0 & 0 & 0 \\ 
0 & 0 & 0 & 0 & 0 & 0 & 0 & 0 \\ 
0 & 0 & 0 & 0 & 0 & 0 & 0 & -2i \\ 
0 & 0 & 0 & 0 & 0 & 0 & 2i & 0 \\ 
0 & 0 & 0 & 0 & 0 & 0 & 0 & 0 \\ 
0 & 0 & 0 & 0 & 0 & 0 & 0 & 0 \\ 
0 & 0 & 0 & 2i & 0 & 0 & 0 & 0 \\ 
0 & 0 & -2i & 0 & 0 & 0 & 0 & 0
\end{pmatrix}
$$


$$
X_{7}=\begin{pmatrix}
0 & 0 & 0 & 0 & 1 & -1 & 0 & 0 \\ 
0 & 0 & 0 & 0 & -1 & 1 & 0 & 0 \\ 
0 & 0 & 0 & 0 & 0 & 0 & -1 & -1 \\ 
0 & 0 & 0 & 0 & 0 & 0 & -1 & -1 \\ 
-1 & 1 & 0 & 0 & 0 & 0 & 0 & 0 \\ 
1 & -1 & 0 & 0 & 0 & 0 & 0 & 0 \\ 
0 & 0 & 1 & 1 & 0 & 0 & 0 & 0 \\ 
0 & 0 & 1 & 1 & 0 & 0 & 0 & 0
\end{pmatrix}
$$


$$
X_{8}=\begin{pmatrix}
0 & 0 & 0 & 0 & 1 & -1 & 0 & 0 \\ 
0 & 0 & 0 & 0 & -1 & 1 & 0 & 0 \\ 
0 & 0 & 0 & 0 & 0 & 0 & -1 & 1 \\ 
0 & 0 & 0 & 0 & 0 & 0 & 1 & -1 \\ 
-1 & 1 & 0 & 0 & 0 & 0 & 0 & 0 \\ 
1 & -1 & 0 & 0 & 0 & 0 & 0 & 0 \\ 
0 & 0 & 1 & -1 & 0 & 0 & 0 & 0 \\ 
0 & 0 & -1 & 1 & 0 & 0 & 0 & 0
\end{pmatrix}
$$


$$
X_{9}=\begin{pmatrix}
0 & 0 & -1i & -1i & 0 & 0 & 0 & 0 \\ 
0 & 0 & 1i & 1i & 0 & 0 & 0 & 0 \\ 
-1i & 1i & 0 & 0 & 0 & 0 & 0 & 0 \\ 
-1i & 1i & 0 & 0 & 0 & 0 & 0 & 0 \\ 
0 & 0 & 0 & 0 & 0 & 0 & 1i & -1i \\ 
0 & 0 & 0 & 0 & 0 & 0 & 1i & -1i \\ 
0 & 0 & 0 & 0 & 1i & 1i & 0 & 0 \\ 
0 & 0 & 0 & 0 & -1i & -1i & 0 & 0
\end{pmatrix}
$$


$$
X_{10}=\begin{pmatrix}
0 & 0 & -1i & -1i & 0 & 0 & 0 & 0 \\ 
0 & 0 & 1i & 1i & 0 & 0 & 0 & 0 \\ 
-1i & 1i & 0 & 0 & 0 & 0 & 0 & 0 \\ 
-1i & 1i & 0 & 0 & 0 & 0 & 0 & 0 \\ 
0 & 0 & 0 & 0 & 0 & 0 & -1i & -1i \\ 
0 & 0 & 0 & 0 & 0 & 0 & 1i & 1i \\ 
0 & 0 & 0 & 0 & -1i & 1i & 0 & 0 \\ 
0 & 0 & 0 & 0 & -1i & 1i & 0 & 0
\end{pmatrix}
$$


$$
X_{11}=\begin{pmatrix}
0 & 0 & 1 & -1 & 0 & 0 & 0 & 0 \\ 
0 & 0 & -1 & 1 & 0 & 0 & 0 & 0 \\ 
-1 & 1 & 0 & 0 & 0 & 0 & 0 & 0 \\ 
1 & -1 & 0 & 0 & 0 & 0 & 0 & 0 \\ 
0 & 0 & 0 & 0 & 0 & 0 & 1 & -1 \\ 
0 & 0 & 0 & 0 & 0 & 0 & -1 & 1 \\ 
0 & 0 & 0 & 0 & -1 & 1 & 0 & 0 \\ 
0 & 0 & 0 & 0 & 1 & -1 & 0 & 0
\end{pmatrix}
$$


$$
X_{12}=\begin{pmatrix}
0 & 0 & 0 & 0 & 0 & 0 & 0 & 0 \\ 
0 & 0 & 0 & 0 & 0 & 0 & 0 & 0 \\ 
0 & 0 & 0 & 0 & 0 & 0 & 0 & 0 \\ 
0 & 0 & 0 & 0 & 0 & 0 & 0 & 0 \\ 
0 & 0 & 0 & 0 & 0 & 0 & 2 & 0 \\ 
0 & 0 & 0 & 0 & 0 & 0 & 0 & 2 \\ 
0 & 0 & 0 & 0 & -2 & 0 & 0 & 0 \\ 
0 & 0 & 0 & 0 & 0 & -2 & 0 & 0
\end{pmatrix}
$$


$$
X_{13}=\begin{pmatrix}
0 & 0 & 0 & 0 & 0 & 0 & 0 & 0 \\ 
0 & 0 & 0 & 0 & 0 & 0 & 0 & 0 \\ 
0 & 0 & 2i & 0 & 0 & 0 & 0 & 0 \\ 
0 & 0 & 0 & -2i & 0 & 0 & 0 & 0 \\ 
0 & 0 & 0 & 0 & 2i & 0 & 0 & 0 \\ 
0 & 0 & 0 & 0 & 0 & -2i & 0 & 0 \\ 
0 & 0 & 0 & 0 & 0 & 0 & 0 & 0 \\ 
0 & 0 & 0 & 0 & 0 & 0 & 0 & 0
\end{pmatrix}
$$


$$
X_{14}=\begin{pmatrix}
0 & 0 & 0 & 0 & 0 & 0 & 0 & 0 \\ 
0 & 0 & 0 & 0 & 0 & 0 & 0 & 0 \\ 
0 & 0 & 2i & 0 & 0 & 0 & 0 & 0 \\ 
0 & 0 & 0 & -2i & 0 & 0 & 0 & 0 \\ 
0 & 0 & 0 & 0 & 0 & 0 & 0 & 0 \\ 
0 & 0 & 0 & 0 & 0 & 0 & 0 & 0 \\ 
0 & 0 & 0 & 0 & 0 & 0 & 2i & 0 \\ 
0 & 0 & 0 & 0 & 0 & 0 & 0 & -2i
\end{pmatrix}
$$


